<?xml version="1.0" encoding="UTF-8"?>
<!-- Generated by org.testng.reporters.JUnitXMLReporter -->
<testsuite ignored="0" hostname="DESKTOP-PJTLFA3" failures="0" tests="3" name="Default test" time="15.356" errors="0" timestamp="2024-03-02T03:10:16 IST">
  <testcase classname="itcaree4u.PageTest" name="Test1" time="0.018"/>
  <testcase classname="itcaree4u.PageTest" name="Test2" time="0.015"/>
  <testcase classname="itcaree4u.PageTest" name="Test3" time="0.01"/>
</testsuite> <!-- Default test -->
