<?xml version="1.0" encoding="UTF-8"?>
<!-- Generated by org.testng.reporters.JUnitXMLReporter -->
<testsuite ignored="0" hostname="DESKTOP-PJTLFA3" failures="0" tests="4" name="Test" time="22.264" errors="0" timestamp="2024-04-27T11:33:28 IST">
  <testcase classname="itcaree4u.PageTest" name="Test1" time="0.039"/>
  <testcase classname="itcaree4u.PageTest" name="Test2" time="0.013"/>
  <testcase classname="itcaree4u.PageTest" name="Test3" time="0.012"/>
  <testcase classname="itcaree4u.PageTest" name="Test4" time="0.004"/>
</testsuite> <!-- Test -->
