<?xml version="1.0" encoding="UTF-8"?>
<!-- Generated by org.testng.reporters.JUnitXMLReporter -->
<testsuite ignored="0" hostname="DESKTOP-PJTLFA3" failures="0" tests="4" name="Test" time="22.806" errors="0" timestamp="2024-04-28T05:13:25 IST">
  <testcase classname="itcaree4u.PageTest" name="Test1" time="0.017"/>
  <testcase classname="itcaree4u.PageTest" name="Test2" time="0.018"/>
  <testcase classname="itcaree4u.PageTest" name="Test3" time="0.007"/>
  <testcase classname="itcaree4u.PageTest" name="Test4" time="0.002"/>
</testsuite> <!-- Test -->
