<?xml version="1.0" encoding="UTF-8"?>
<!-- Generated by org.testng.reporters.JUnitXMLReporter -->
<testsuite ignored="0" hostname="DESKTOP-PJTLFA3" failures="0" tests="4" name="Test" time="20.245" errors="0" timestamp="2024-04-27T11:51:35 IST">
  <testcase classname="itcaree4u.PageTest" name="Test1" time="0.015"/>
  <testcase classname="itcaree4u.PageTest" name="Test2" time="0.013"/>
  <testcase classname="itcaree4u.PageTest" name="Test3" time="0.01"/>
  <testcase classname="itcaree4u.PageTest" name="Test4" time="0.006"/>
</testsuite> <!-- Test -->
