<?xml version="1.0" encoding="UTF-8"?>
<testng-results ignored="0" total="3" passed="3" failed="0" skipped="0">
  <reporter-output>
  </reporter-output>
  <suite started-at="2024-03-05T09:32:40 IST" name="Suite" finished-at="2024-03-05T09:32:58 IST" duration-ms="17990">
    <groups>
    </groups>
    <test started-at="2024-03-05T09:32:40 IST" name="Test" finished-at="2024-03-05T09:32:58 IST" duration-ms="17990">
      <class name="itcaree4u.PageTest">
        <test-method is-config="true" signature="Launch()[pri:0, instance:itcaree4u.PageTest@6fd83fc1]" started-at="2024-03-05T09:32:40 IST" name="Launch" finished-at="2024-03-05T09:32:46 IST" duration-ms="6591" status="PASS">
          <reporter-output>
          </reporter-output>
        </test-method> <!-- Launch -->
        <test-method signature="Test1()[pri:0, instance:itcaree4u.PageTest@6fd83fc1]" started-at="2024-03-05T09:32:46 IST" name="Test1" finished-at="2024-03-05T09:32:46 IST" duration-ms="34" status="PASS">
          <reporter-output>
          </reporter-output>
        </test-method> <!-- Test1 -->
        <test-method is-config="true" signature="tearDown()[pri:0, instance:itcaree4u.PageTest@6fd83fc1]" started-at="2024-03-05T09:32:46 IST" name="tearDown" finished-at="2024-03-05T09:32:46 IST" duration-ms="265" status="PASS">
          <reporter-output>
          </reporter-output>
        </test-method> <!-- tearDown -->
        <test-method is-config="true" signature="Launch()[pri:0, instance:itcaree4u.PageTest@6fd83fc1]" started-at="2024-03-05T09:32:46 IST" name="Launch" finished-at="2024-03-05T09:32:52 IST" duration-ms="5197" status="PASS">
          <reporter-output>
          </reporter-output>
        </test-method> <!-- Launch -->
        <test-method signature="Test2()[pri:0, instance:itcaree4u.PageTest@6fd83fc1]" started-at="2024-03-05T09:32:52 IST" name="Test2" finished-at="2024-03-05T09:32:52 IST" duration-ms="11" status="PASS">
          <reporter-output>
          </reporter-output>
        </test-method> <!-- Test2 -->
        <test-method is-config="true" signature="tearDown()[pri:0, instance:itcaree4u.PageTest@6fd83fc1]" started-at="2024-03-05T09:32:52 IST" name="tearDown" finished-at="2024-03-05T09:32:52 IST" duration-ms="203" status="PASS">
          <reporter-output>
          </reporter-output>
        </test-method> <!-- tearDown -->
        <test-method is-config="true" signature="Launch()[pri:0, instance:itcaree4u.PageTest@6fd83fc1]" started-at="2024-03-05T09:32:52 IST" name="Launch" finished-at="2024-03-05T09:32:57 IST" duration-ms="5465" status="PASS">
          <reporter-output>
          </reporter-output>
        </test-method> <!-- Launch -->
        <test-method signature="Test3()[pri:0, instance:itcaree4u.PageTest@6fd83fc1]" started-at="2024-03-05T09:32:57 IST" name="Test3" finished-at="2024-03-05T09:32:57 IST" duration-ms="13" status="PASS">
          <reporter-output>
          </reporter-output>
        </test-method> <!-- Test3 -->
        <test-method is-config="true" signature="tearDown()[pri:0, instance:itcaree4u.PageTest@6fd83fc1]" started-at="2024-03-05T09:32:57 IST" name="tearDown" finished-at="2024-03-05T09:32:58 IST" duration-ms="149" status="PASS">
          <reporter-output>
          </reporter-output>
        </test-method> <!-- tearDown -->
      </class> <!-- itcaree4u.PageTest -->
    </test> <!-- Test -->
  </suite> <!-- Suite -->
</testng-results>
