<?xml version="1.0" encoding="UTF-8"?>
<testng-results ignored="0" total="4" passed="4" failed="0" skipped="0">
  <reporter-output>
  </reporter-output>
  <suite started-at="2024-04-28T05:13:02 IST" name="Suite" finished-at="2024-04-28T05:13:25 IST" duration-ms="22806">
    <groups>
    </groups>
    <test started-at="2024-04-28T05:13:02 IST" name="Test" finished-at="2024-04-28T05:13:25 IST" duration-ms="22806">
      <class name="itcaree4u.PageTest">
        <test-method is-config="true" signature="Launch()[pri:0, instance:itcaree4u.PageTest@4f2b503c]" started-at="2024-04-28T05:13:02 IST" name="Launch" finished-at="2024-04-28T05:13:09 IST" duration-ms="7647" status="PASS">
          <reporter-output>
          </reporter-output>
        </test-method> <!-- Launch -->
        <test-method signature="Test1()[pri:0, instance:itcaree4u.PageTest@4f2b503c]" started-at="2024-04-28T05:13:09 IST" name="Test1" finished-at="2024-04-28T05:13:09 IST" duration-ms="17" status="PASS">
          <reporter-output>
          </reporter-output>
        </test-method> <!-- Test1 -->
        <test-method is-config="true" signature="tearDown()[pri:0, instance:itcaree4u.PageTest@4f2b503c]" started-at="2024-04-28T05:13:09 IST" name="tearDown" finished-at="2024-04-28T05:13:10 IST" duration-ms="195" status="PASS">
          <reporter-output>
          </reporter-output>
        </test-method> <!-- tearDown -->
        <test-method is-config="true" signature="Launch()[pri:0, instance:itcaree4u.PageTest@4f2b503c]" started-at="2024-04-28T05:13:10 IST" name="Launch" finished-at="2024-04-28T05:13:14 IST" duration-ms="4544" status="PASS">
          <reporter-output>
          </reporter-output>
        </test-method> <!-- Launch -->
        <test-method signature="Test2()[pri:0, instance:itcaree4u.PageTest@4f2b503c]" started-at="2024-04-28T05:13:14 IST" name="Test2" finished-at="2024-04-28T05:13:14 IST" duration-ms="18" status="PASS">
          <reporter-output>
          </reporter-output>
        </test-method> <!-- Test2 -->
        <test-method is-config="true" signature="tearDown()[pri:0, instance:itcaree4u.PageTest@4f2b503c]" started-at="2024-04-28T05:13:14 IST" name="tearDown" finished-at="2024-04-28T05:13:14 IST" duration-ms="163" status="PASS">
          <reporter-output>
          </reporter-output>
        </test-method> <!-- tearDown -->
        <test-method is-config="true" signature="Launch()[pri:0, instance:itcaree4u.PageTest@4f2b503c]" started-at="2024-04-28T05:13:14 IST" name="Launch" finished-at="2024-04-28T05:13:19 IST" duration-ms="4897" status="PASS">
          <reporter-output>
          </reporter-output>
        </test-method> <!-- Launch -->
        <test-method signature="Test3()[pri:0, instance:itcaree4u.PageTest@4f2b503c]" started-at="2024-04-28T05:13:19 IST" name="Test3" finished-at="2024-04-28T05:13:19 IST" duration-ms="7" status="PASS">
          <reporter-output>
          </reporter-output>
        </test-method> <!-- Test3 -->
        <test-method is-config="true" signature="tearDown()[pri:0, instance:itcaree4u.PageTest@4f2b503c]" started-at="2024-04-28T05:13:19 IST" name="tearDown" finished-at="2024-04-28T05:13:19 IST" duration-ms="152" status="PASS">
          <reporter-output>
          </reporter-output>
        </test-method> <!-- tearDown -->
        <test-method is-config="true" signature="Launch()[pri:0, instance:itcaree4u.PageTest@4f2b503c]" started-at="2024-04-28T05:13:19 IST" name="Launch" finished-at="2024-04-28T05:13:24 IST" duration-ms="4989" status="PASS">
          <reporter-output>
          </reporter-output>
        </test-method> <!-- Launch -->
        <test-method signature="Test4()[pri:0, instance:itcaree4u.PageTest@4f2b503c]" started-at="2024-04-28T05:13:24 IST" name="Test4" finished-at="2024-04-28T05:13:24 IST" duration-ms="2" status="PASS">
          <reporter-output>
          </reporter-output>
        </test-method> <!-- Test4 -->
        <test-method is-config="true" signature="tearDown()[pri:0, instance:itcaree4u.PageTest@4f2b503c]" started-at="2024-04-28T05:13:24 IST" name="tearDown" finished-at="2024-04-28T05:13:25 IST" duration-ms="131" status="PASS">
          <reporter-output>
          </reporter-output>
        </test-method> <!-- tearDown -->
      </class> <!-- itcaree4u.PageTest -->
    </test> <!-- Test -->
  </suite> <!-- Suite -->
</testng-results>
