<?xml version="1.0" encoding="UTF-8"?>
<testng-results ignored="0" total="4" passed="4" failed="0" skipped="0">
  <reporter-output>
  </reporter-output>
  <suite started-at="2024-04-27T11:33:06 IST" name="Suite" finished-at="2024-04-27T11:33:28 IST" duration-ms="22264">
    <groups>
    </groups>
    <test started-at="2024-04-27T11:33:06 IST" name="Test" finished-at="2024-04-27T11:33:28 IST" duration-ms="22264">
      <class name="itcaree4u.PageTest">
        <test-method is-config="true" signature="Launch()[pri:0, instance:itcaree4u.PageTest@57cf54e1]" started-at="2024-04-27T11:33:06 IST" name="Launch" finished-at="2024-04-27T11:33:13 IST" duration-ms="7447" status="PASS">
          <reporter-output>
          </reporter-output>
        </test-method> <!-- Launch -->
        <test-method signature="Test1()[pri:0, instance:itcaree4u.PageTest@57cf54e1]" started-at="2024-04-27T11:33:13 IST" name="Test1" finished-at="2024-04-27T11:33:13 IST" duration-ms="39" status="PASS">
          <reporter-output>
          </reporter-output>
        </test-method> <!-- Test1 -->
        <test-method is-config="true" signature="tearDown()[pri:0, instance:itcaree4u.PageTest@57cf54e1]" started-at="2024-04-27T11:33:13 IST" name="tearDown" finished-at="2024-04-27T11:33:13 IST" duration-ms="148" status="PASS">
          <reporter-output>
          </reporter-output>
        </test-method> <!-- tearDown -->
        <test-method is-config="true" signature="Launch()[pri:0, instance:itcaree4u.PageTest@57cf54e1]" started-at="2024-04-27T11:33:13 IST" name="Launch" finished-at="2024-04-27T11:33:18 IST" duration-ms="4642" status="PASS">
          <reporter-output>
          </reporter-output>
        </test-method> <!-- Launch -->
        <test-method signature="Test2()[pri:0, instance:itcaree4u.PageTest@57cf54e1]" started-at="2024-04-27T11:33:18 IST" name="Test2" finished-at="2024-04-27T11:33:18 IST" duration-ms="13" status="PASS">
          <reporter-output>
          </reporter-output>
        </test-method> <!-- Test2 -->
        <test-method is-config="true" signature="tearDown()[pri:0, instance:itcaree4u.PageTest@57cf54e1]" started-at="2024-04-27T11:33:18 IST" name="tearDown" finished-at="2024-04-27T11:33:18 IST" duration-ms="120" status="PASS">
          <reporter-output>
          </reporter-output>
        </test-method> <!-- tearDown -->
        <test-method is-config="true" signature="Launch()[pri:0, instance:itcaree4u.PageTest@57cf54e1]" started-at="2024-04-27T11:33:18 IST" name="Launch" finished-at="2024-04-27T11:33:23 IST" duration-ms="4745" status="PASS">
          <reporter-output>
          </reporter-output>
        </test-method> <!-- Launch -->
        <test-method signature="Test3()[pri:0, instance:itcaree4u.PageTest@57cf54e1]" started-at="2024-04-27T11:33:23 IST" name="Test3" finished-at="2024-04-27T11:33:23 IST" duration-ms="12" status="PASS">
          <reporter-output>
          </reporter-output>
        </test-method> <!-- Test3 -->
        <test-method is-config="true" signature="tearDown()[pri:0, instance:itcaree4u.PageTest@57cf54e1]" started-at="2024-04-27T11:33:23 IST" name="tearDown" finished-at="2024-04-27T11:33:23 IST" duration-ms="136" status="PASS">
          <reporter-output>
          </reporter-output>
        </test-method> <!-- tearDown -->
        <test-method is-config="true" signature="Launch()[pri:0, instance:itcaree4u.PageTest@57cf54e1]" started-at="2024-04-27T11:33:23 IST" name="Launch" finished-at="2024-04-27T11:33:28 IST" duration-ms="4733" status="PASS">
          <reporter-output>
          </reporter-output>
        </test-method> <!-- Launch -->
        <test-method signature="Test4()[pri:0, instance:itcaree4u.PageTest@57cf54e1]" started-at="2024-04-27T11:33:28 IST" name="Test4" finished-at="2024-04-27T11:33:28 IST" duration-ms="4" status="PASS">
          <reporter-output>
          </reporter-output>
        </test-method> <!-- Test4 -->
        <test-method is-config="true" signature="tearDown()[pri:0, instance:itcaree4u.PageTest@57cf54e1]" started-at="2024-04-27T11:33:28 IST" name="tearDown" finished-at="2024-04-27T11:33:28 IST" duration-ms="151" status="PASS">
          <reporter-output>
          </reporter-output>
        </test-method> <!-- tearDown -->
      </class> <!-- itcaree4u.PageTest -->
    </test> <!-- Test -->
  </suite> <!-- Suite -->
</testng-results>
