<?xml version="1.0" encoding="UTF-8"?>
<testng-results ignored="0" total="3" passed="3" failed="0" skipped="0">
  <reporter-output>
  </reporter-output>
  <suite started-at="2024-03-02T03:10:43 IST" name="Suite" finished-at="2024-03-02T03:11:00 IST" duration-ms="16335">
    <groups>
    </groups>
    <test started-at="2024-03-02T03:10:43 IST" name="Test" finished-at="2024-03-02T03:11:00 IST" duration-ms="16335">
      <class name="itcaree4u.PageTest">
        <test-method is-config="true" signature="Launch()[pri:0, instance:itcaree4u.PageTest@7c711375]" started-at="2024-03-02T03:10:43 IST" name="Launch" finished-at="2024-03-02T03:10:50 IST" duration-ms="6367" status="PASS">
          <reporter-output>
          </reporter-output>
        </test-method> <!-- Launch -->
        <test-method signature="Test1()[pri:0, instance:itcaree4u.PageTest@7c711375]" started-at="2024-03-02T03:10:50 IST" name="Test1" finished-at="2024-03-02T03:10:50 IST" duration-ms="29" status="PASS">
          <reporter-output>
          </reporter-output>
        </test-method> <!-- Test1 -->
        <test-method is-config="true" signature="tearDown()[pri:0, instance:itcaree4u.PageTest@7c711375]" started-at="2024-03-02T03:10:50 IST" name="tearDown" finished-at="2024-03-02T03:10:50 IST" duration-ms="111" status="PASS">
          <reporter-output>
          </reporter-output>
        </test-method> <!-- tearDown -->
        <test-method is-config="true" signature="Launch()[pri:0, instance:itcaree4u.PageTest@7c711375]" started-at="2024-03-02T03:10:50 IST" name="Launch" finished-at="2024-03-02T03:10:54 IST" duration-ms="4528" status="PASS">
          <reporter-output>
          </reporter-output>
        </test-method> <!-- Launch -->
        <test-method signature="Test2()[pri:0, instance:itcaree4u.PageTest@7c711375]" started-at="2024-03-02T03:10:54 IST" name="Test2" finished-at="2024-03-02T03:10:54 IST" duration-ms="11" status="PASS">
          <reporter-output>
          </reporter-output>
        </test-method> <!-- Test2 -->
        <test-method is-config="true" signature="tearDown()[pri:0, instance:itcaree4u.PageTest@7c711375]" started-at="2024-03-02T03:10:54 IST" name="tearDown" finished-at="2024-03-02T03:10:55 IST" duration-ms="122" status="PASS">
          <reporter-output>
          </reporter-output>
        </test-method> <!-- tearDown -->
        <test-method is-config="true" signature="Launch()[pri:0, instance:itcaree4u.PageTest@7c711375]" started-at="2024-03-02T03:10:55 IST" name="Launch" finished-at="2024-03-02T03:11:00 IST" duration-ms="4986" status="PASS">
          <reporter-output>
          </reporter-output>
        </test-method> <!-- Launch -->
        <test-method signature="Test3()[pri:0, instance:itcaree4u.PageTest@7c711375]" started-at="2024-03-02T03:11:00 IST" name="Test3" finished-at="2024-03-02T03:11:00 IST" duration-ms="16" status="PASS">
          <reporter-output>
          </reporter-output>
        </test-method> <!-- Test3 -->
        <test-method is-config="true" signature="tearDown()[pri:0, instance:itcaree4u.PageTest@7c711375]" started-at="2024-03-02T03:11:00 IST" name="tearDown" finished-at="2024-03-02T03:11:00 IST" duration-ms="118" status="PASS">
          <reporter-output>
          </reporter-output>
        </test-method> <!-- tearDown -->
      </class> <!-- itcaree4u.PageTest -->
    </test> <!-- Test -->
  </suite> <!-- Suite -->
</testng-results>
